<?xml version="1.0" encoding="UTF-8"?>
<coverage generated="1655259790693" clover="3.2.0">
  <project timestamp="1655259790693" name="All files">
    <metrics statements="10" coveredstatements="10" conditionals="0" coveredconditionals="0" methods="6" coveredmethods="6" elements="16" coveredelements="16" complexity="0" loc="10" ncloc="10" packages="1" files="3" classes="3"/>
    <file name="calculator.js" path="/home/kasey/repos/testing-practice/src/calculator.js">
      <metrics statements="6" coveredstatements="6" conditionals="0" coveredconditionals="0" methods="4" coveredmethods="4"/>
      <line num="1" count="1" type="stmt"/>
      <line num="3" count="1" type="stmt"/>
      <line num="6" count="1" type="stmt"/>
      <line num="9" count="1" type="stmt"/>
      <line num="12" count="1" type="stmt"/>
      <line num="16" count="1" type="stmt"/>
    </file>
    <file name="capitalize.js" path="/home/kasey/repos/testing-practice/src/capitalize.js">
      <metrics statements="2" coveredstatements="2" conditionals="0" coveredconditionals="0" methods="1" coveredmethods="1"/>
      <line num="1" count="1" type="stmt"/>
      <line num="3" count="1" type="stmt"/>
    </file>
    <file name="reverseString.js" path="/home/kasey/repos/testing-practice/src/reverseString.js">
      <metrics statements="2" coveredstatements="2" conditionals="0" coveredconditionals="0" methods="1" coveredmethods="1"/>
      <line num="1" count="1" type="stmt"/>
      <line num="3" count="1" type="stmt"/>
    </file>
  </project>
</coverage>
