{"/home/kasey/repos/testing-practice/src/caesarCipher.js": {"path":"/home/kasey/repos/testing-practice/src/caesarCipher.js","statementMap":{"0":{"start":{"line":1,"column":26},"end":{"line":28,"column":1}},"1":{"start":{"line":30,"column":26},"end":{"line":57,"column":1}},"2":{"start":{"line":59,"column":21},"end":{"line":91,"column":1}},"3":{"start":{"line":60,"column":2},"end":{"line":62,"column":3}},"4":{"start":{"line":61,"column":4},"end":{"line":61,"column":45}},"5":{"start":{"line":63,"column":22},"end":{"line":63,"column":38}},"6":{"start":{"line":64,"column":22},"end":{"line":64,"column":24}},"7":{"start":{"line":65,"column":2},"end":{"line":71,"column":4}},"8":{"start":{"line":66,"column":4},"end":{"line":70,"column":6}},"9":{"start":{"line":67,"column":6},"end":{"line":69,"column":7}},"10":{"start":{"line":68,"column":8},"end":{"line":68,"column":34}},"11":{"start":{"line":72,"column":23},"end":{"line":72,"column":25}},"12":{"start":{"line":73,"column":2},"end":{"line":88,"column":4}},"13":{"start":{"line":74,"column":4},"end":{"line":80,"column":5}},"14":{"start":{"line":75,"column":6},"end":{"line":79,"column":8}},"15":{"start":{"line":76,"column":8},"end":{"line":78,"column":9}},"16":{"start":{"line":77,"column":10},"end":{"line":77,"column":35}},"17":{"start":{"line":81,"column":4},"end":{"line":87,"column":5}},"18":{"start":{"line":82,"column":6},"end":{"line":86,"column":8}},"19":{"start":{"line":83,"column":8},"end":{"line":85,"column":9}},"20":{"start":{"line":84,"column":10},"end":{"line":84,"column":33}},"21":{"start":{"line":89,"column":22},"end":{"line":89,"column":43}},"22":{"start":{"line":90,"column":2},"end":{"line":90,"column":20}},"23":{"start":{"line":93,"column":0},"end":{"line":93,"column":29}}},"fnMap":{"0":{"name":"(anonymous_0)","decl":{"start":{"line":59,"column":21},"end":{"line":59,"column":22}},"loc":{"start":{"line":59,"column":40},"end":{"line":91,"column":1}},"line":59},"1":{"name":"(anonymous_1)","decl":{"start":{"line":65,"column":22},"end":{"line":65,"column":23}},"loc":{"start":{"line":65,"column":34},"end":{"line":71,"column":3}},"line":65},"2":{"name":"(anonymous_2)","decl":{"start":{"line":66,"column":30},"end":{"line":66,"column":31}},"loc":{"start":{"line":66,"column":50},"end":{"line":70,"column":5}},"line":66},"3":{"name":"(anonymous_3)","decl":{"start":{"line":73,"column":22},"end":{"line":73,"column":23}},"loc":{"start":{"line":73,"column":42},"end":{"line":88,"column":3}},"line":73},"4":{"name":"(anonymous_4)","decl":{"start":{"line":75,"column":32},"end":{"line":75,"column":33}},"loc":{"start":{"line":75,"column":56},"end":{"line":79,"column":7}},"line":75},"5":{"name":"(anonymous_5)","decl":{"start":{"line":82,"column":32},"end":{"line":82,"column":33}},"loc":{"start":{"line":82,"column":52},"end":{"line":86,"column":7}},"line":82}},"branchMap":{"0":{"loc":{"start":{"line":60,"column":2},"end":{"line":62,"column":3}},"type":"if","locations":[{"start":{"line":60,"column":2},"end":{"line":62,"column":3}},{"start":{},"end":{}}],"line":60},"1":{"loc":{"start":{"line":60,"column":6},"end":{"line":60,"column":29}},"type":"binary-expr","locations":[{"start":{"line":60,"column":6},"end":{"line":60,"column":16}},{"start":{"line":60,"column":20},"end":{"line":60,"column":29}}],"line":60},"2":{"loc":{"start":{"line":67,"column":6},"end":{"line":69,"column":7}},"type":"if","locations":[{"start":{"line":67,"column":6},"end":{"line":69,"column":7}},{"start":{},"end":{}}],"line":67},"3":{"loc":{"start":{"line":74,"column":4},"end":{"line":80,"column":5}},"type":"if","locations":[{"start":{"line":74,"column":4},"end":{"line":80,"column":5}},{"start":{},"end":{}}],"line":74},"4":{"loc":{"start":{"line":76,"column":8},"end":{"line":78,"column":9}},"type":"if","locations":[{"start":{"line":76,"column":8},"end":{"line":78,"column":9}},{"start":{},"end":{}}],"line":76},"5":{"loc":{"start":{"line":81,"column":4},"end":{"line":87,"column":5}},"type":"if","locations":[{"start":{"line":81,"column":4},"end":{"line":87,"column":5}},{"start":{},"end":{}}],"line":81},"6":{"loc":{"start":{"line":83,"column":8},"end":{"line":85,"column":9}},"type":"if","locations":[{"start":{"line":83,"column":8},"end":{"line":85,"column":9}},{"start":{},"end":{}}],"line":83}},"s":{"0":1,"1":1,"2":1,"3":5,"4":1,"5":4,"6":4,"7":4,"8":27,"9":702,"10":26,"11":4,"12":4,"13":26,"14":3,"15":78,"16":3,"17":26,"18":24,"19":624,"20":24,"21":4,"22":4,"23":1},"f":{"0":5,"1":27,"2":702,"3":26,"4":78,"5":624},"b":{"0":[1,4],"1":[5,4],"2":[26,676],"3":[3,23],"4":[3,75],"5":[24,2],"6":[24,600]},"_coverageSchema":"1a1c01bbd47fc00a2c39e90264f33305004495a9","hash":"a9416dffa40bec9162c8e3935248b984d985626a"}
,"/home/kasey/repos/testing-practice/src/calculator.js": {"path":"/home/kasey/repos/testing-practice/src/calculator.js","statementMap":{"0":{"start":{"line":1,"column":19},"end":{"line":14,"column":1}},"1":{"start":{"line":3,"column":4},"end":{"line":3,"column":16}},"2":{"start":{"line":6,"column":4},"end":{"line":6,"column":16}},"3":{"start":{"line":9,"column":4},"end":{"line":9,"column":16}},"4":{"start":{"line":12,"column":4},"end":{"line":12,"column":16}},"5":{"start":{"line":16,"column":0},"end":{"line":16,"column":27}}},"fnMap":{"0":{"name":"(anonymous_0)","decl":{"start":{"line":2,"column":2},"end":{"line":2,"column":3}},"loc":{"start":{"line":2,"column":12},"end":{"line":4,"column":3}},"line":2},"1":{"name":"(anonymous_1)","decl":{"start":{"line":5,"column":2},"end":{"line":5,"column":3}},"loc":{"start":{"line":5,"column":17},"end":{"line":7,"column":3}},"line":5},"2":{"name":"(anonymous_2)","decl":{"start":{"line":8,"column":2},"end":{"line":8,"column":3}},"loc":{"start":{"line":8,"column":15},"end":{"line":10,"column":3}},"line":8},"3":{"name":"(anonymous_3)","decl":{"start":{"line":11,"column":2},"end":{"line":11,"column":3}},"loc":{"start":{"line":11,"column":17},"end":{"line":13,"column":3}},"line":11}},"branchMap":{},"s":{"0":1,"1":1,"2":1,"3":1,"4":1,"5":1},"f":{"0":1,"1":1,"2":1,"3":1},"b":{},"_coverageSchema":"1a1c01bbd47fc00a2c39e90264f33305004495a9","hash":"83278ab8d4ebc0517ea0e7b7fbe4e6fdd290ead1"}
,"/home/kasey/repos/testing-practice/src/capitalize.js": {"path":"/home/kasey/repos/testing-practice/src/capitalize.js","statementMap":{"0":{"start":{"line":1,"column":19},"end":{"line":1,"column":79}},"1":{"start":{"line":1,"column":31},"end":{"line":1,"column":79}},"2":{"start":{"line":3,"column":0},"end":{"line":3,"column":27}}},"fnMap":{"0":{"name":"(anonymous_0)","decl":{"start":{"line":1,"column":19},"end":{"line":1,"column":20}},"loc":{"start":{"line":1,"column":31},"end":{"line":1,"column":79}},"line":1}},"branchMap":{},"s":{"0":1,"1":1,"2":1},"f":{"0":1},"b":{},"_coverageSchema":"1a1c01bbd47fc00a2c39e90264f33305004495a9","hash":"057ff2b64b6b28b914b174ad48ce4946cd04480c"}
,"/home/kasey/repos/testing-practice/src/reverseString.js": {"path":"/home/kasey/repos/testing-practice/src/reverseString.js","statementMap":{"0":{"start":{"line":1,"column":22},"end":{"line":1,"column":69}},"1":{"start":{"line":1,"column":34},"end":{"line":1,"column":69}},"2":{"start":{"line":3,"column":0},"end":{"line":3,"column":30}}},"fnMap":{"0":{"name":"(anonymous_0)","decl":{"start":{"line":1,"column":22},"end":{"line":1,"column":23}},"loc":{"start":{"line":1,"column":34},"end":{"line":1,"column":69}},"line":1}},"branchMap":{},"s":{"0":1,"1":1,"2":1},"f":{"0":1},"b":{},"_coverageSchema":"1a1c01bbd47fc00a2c39e90264f33305004495a9","hash":"26398ed2080b94baaa356e3283678f50390c6e48"}
}
