TN:
SF:src/caesarCipher.js
FN:59,(anonymous_0)
FN:65,(anonymous_1)
FN:66,(anonymous_2)
FN:73,(anonymous_3)
FN:75,(anonymous_4)
FN:82,(anonymous_5)
FNF:6
FNH:6
FNDA:5,(anonymous_0)
FNDA:27,(anonymous_1)
FNDA:702,(anonymous_2)
FNDA:26,(anonymous_3)
FNDA:78,(anonymous_4)
FNDA:624,(anonymous_5)
DA:1,1
DA:30,1
DA:59,1
DA:60,5
DA:61,1
DA:63,4
DA:64,4
DA:65,4
DA:66,27
DA:67,702
DA:68,26
DA:72,4
DA:73,4
DA:74,26
DA:75,3
DA:76,78
DA:77,3
DA:81,26
DA:82,24
DA:83,624
DA:84,24
DA:89,4
DA:90,4
DA:93,1
LF:24
LH:24
BRDA:60,0,0,1
BRDA:60,0,1,4
BRDA:60,1,0,5
BRDA:60,1,1,4
BRDA:67,2,0,26
BRDA:67,2,1,676
BRDA:74,3,0,3
BRDA:74,3,1,23
BRDA:76,4,0,3
BRDA:76,4,1,75
BRDA:81,5,0,24
BRDA:81,5,1,2
BRDA:83,6,0,24
BRDA:83,6,1,600
BRF:14
BRH:14
end_of_record
TN:
SF:src/calculator.js
FN:2,(anonymous_0)
FN:5,(anonymous_1)
FN:8,(anonymous_2)
FN:11,(anonymous_3)
FNF:4
FNH:4
FNDA:1,(anonymous_0)
FNDA:1,(anonymous_1)
FNDA:1,(anonymous_2)
FNDA:1,(anonymous_3)
DA:1,1
DA:3,1
DA:6,1
DA:9,1
DA:12,1
DA:16,1
LF:6
LH:6
BRF:0
BRH:0
end_of_record
TN:
SF:src/capitalize.js
FN:1,(anonymous_0)
FNF:1
FNH:1
FNDA:1,(anonymous_0)
DA:1,1
DA:3,1
LF:2
LH:2
BRF:0
BRH:0
end_of_record
TN:
SF:src/reverseString.js
FN:1,(anonymous_0)
FNF:1
FNH:1
FNDA:1,(anonymous_0)
DA:1,1
DA:3,1
LF:2
LH:2
BRF:0
BRH:0
end_of_record
