TN:
SF:src/caesarCipher.js
FN:30,(anonymous_0)
FN:38,(anonymous_1)
FN:44,(anonymous_2)
FN:48,(anonymous_3)
FN:56,(anonymous_4)
FN:60,(anonymous_5)
FN:73,(anonymous_6)
FNF:7
FNH:7
FNDA:65,(anonymous_0)
FNDA:6,(anonymous_1)
FNDA:33,(anonymous_2)
FNDA:832,(anonymous_3)
FNDA:32,(anonymous_4)
FNDA:52,(anonymous_5)
FNDA:754,(anonymous_6)
DA:1,1
DA:30,1
DA:31,65
DA:32,65
DA:33,2
DA:35,63
DA:38,1
DA:39,6
DA:40,1
DA:42,5
DA:43,5
DA:44,5
DA:45,33
DA:46,1
DA:48,32
DA:49,832
DA:50,31
DA:55,5
DA:56,5
DA:57,32
DA:58,32
DA:59,31
DA:60,2
DA:61,52
DA:62,2
DA:64,52
DA:65,0
DA:66,0
DA:67,0
DA:72,31
DA:73,29
DA:74,754
DA:75,24
DA:77,754
DA:78,130
DA:79,130
DA:80,5
DA:86,1
DA:89,5
DA:90,5
DA:93,1
LF:41
LH:38
BRDA:32,0,0,2
BRDA:32,0,1,63
BRDA:39,1,0,1
BRDA:39,1,1,5
BRDA:39,2,0,6
BRDA:39,2,1,5
BRDA:45,3,0,1
BRDA:45,3,1,32
BRDA:49,4,0,31
BRDA:49,4,1,801
BRDA:58,5,0,31
BRDA:58,5,1,1
BRDA:59,6,0,2
BRDA:59,6,1,29
BRDA:61,7,0,2
BRDA:61,7,1,50
BRDA:61,8,0,52
BRDA:61,8,1,52
BRDA:64,9,0,0
BRDA:64,9,1,52
BRDA:66,10,0,0
BRDA:66,10,1,0
BRDA:72,11,0,29
BRDA:72,11,1,2
BRDA:74,12,0,24
BRDA:74,12,1,730
BRDA:74,13,0,754
BRDA:74,13,1,624
BRDA:77,14,0,130
BRDA:77,14,1,624
BRDA:79,15,0,5
BRDA:79,15,1,125
BRF:32
BRH:29
end_of_record
TN:
SF:src/calculator.js
FN:2,(anonymous_0)
FN:5,(anonymous_1)
FN:8,(anonymous_2)
FN:11,(anonymous_3)
FNF:4
FNH:4
FNDA:1,(anonymous_0)
FNDA:1,(anonymous_1)
FNDA:1,(anonymous_2)
FNDA:1,(anonymous_3)
DA:1,1
DA:3,1
DA:6,1
DA:9,1
DA:12,1
DA:16,1
LF:6
LH:6
BRF:0
BRH:0
end_of_record
TN:
SF:src/capitalize.js
FN:1,(anonymous_0)
FNF:1
FNH:1
FNDA:1,(anonymous_0)
DA:1,1
DA:3,1
LF:2
LH:2
BRF:0
BRH:0
end_of_record
TN:
SF:src/reverseString.js
FN:1,(anonymous_0)
FNF:1
FNH:1
FNDA:1,(anonymous_0)
DA:1,1
DA:3,1
LF:2
LH:2
BRF:0
BRH:0
end_of_record
